<?xml version="1.0" encoding="UTF-8"?>
<testsuite xmlns:xsi="http://www.w3.org/2001/XMLSchema-instance" xsi:noNamespaceSchemaLocation="https://maven.apache.org/surefire/maven-surefire-plugin/xsd/surefire-test-report-3.0.xsd" version="3.0" name="com.osipalli.template.services.identity.OsipalliTemplateServicesIdentityApplicationTests" time="3.683" tests="1" errors="0" skipped="0" failures="0">
  <properties>
[...]
</properties>
  <testcase name="contextLoads" classname="com.osipalli.template.services.identity.OsipalliTemplateServicesIdentityApplicationTests" time="1.056">
    <system-out><![CDATA[14:37:31.046 [main] INFO org.springframework.test.context.support.AnnotationConfigContextLoaderUtils -- Could not detect default configuration classes for test class [com.osipalli.template.services.identity.OsipalliTemplateServicesIdentityApplicationTests]: OsipalliTemplateServicesIdentityApplicationTests does not declare any static, non-private, non-final, nested classes annotated with @Configuration.
14:37:31.216 [main] INFO org.springframework.boot.test.context.SpringBootTestContextBootstrapper -- Found @SpringBootConfiguration com.osipalli.template.services.identity.OsipalliTemplateServicesIdentityApplication for test class com.osipalli.template.services.identity.OsipalliTemplateServicesIdentityApplicationTests

  .   ____          _            __ _ _
 /\\ / ___'_ __ _ _(_)_ __  __ _ \ \ \ \
( ( )\___ | '_ | '_| | '_ \/ _` | \ \ \ \
 \\/  ___)| |_)| | | | | || (_| |  ) ) ) )
  '  |____| .__|_| |_|_| |_\__, | / / / /
 =========|_|==============|___/=/_/_/_/

 :: Spring Boot ::                (v3.3.5)

2024-11-13T14:37:31.771-06:00  INFO 29632 --- [osipalli-template-services-identity] [           main] TemplateServicesIdentityApplicationTests : Starting OsipalliTemplateServicesIdentityApplicationTests using Java 17.0.13 with PID 29632 (started by posipalli in D:\PremkamalOsipalli\prem-kamal-osipalli\prem-kamal-osipalli-api\osipalli-template-services\osipalli-template-services-identity)
2024-11-13T14:37:31.773-06:00  INFO 29632 --- [osipalli-template-services-identity] [           main] TemplateServicesIdentityApplicationTests : No active profile set, falling back to 1 default profile: "default"
2024-11-13T14:37:33.456-06:00  INFO 29632 --- [osipalli-template-services-identity] [           main] TemplateServicesIdentityApplicationTests : Started OsipalliTemplateServicesIdentityApplicationTests in 2.005 seconds (process running for 3.23)
]]></system-out>
  </testcase>
</testsuite>