<?xml version="1.0" encoding="UTF-8"?>
<testsuite xmlns:xsi="http://www.w3.org/2001/XMLSchema-instance" xsi:noNamespaceSchemaLocation="https://maven.apache.org/surefire/maven-surefire-plugin/xsd/surefire-test-report-3.0.xsd" version="3.0" name="com.osipalli.template.services.identity.OsipalliTemplateServicesIdentityApplicationTests" time="5.755" tests="1" errors="0" skipped="0" failures="0">
  <properties>
[...]
</properties>
  <testcase name="contextLoads" classname="com.osipalli.template.services.identity.OsipalliTemplateServicesIdentityApplicationTests" time="0.8">
    <system-out><![CDATA[09:44:33.748 [main] INFO org.springframework.test.context.support.AnnotationConfigContextLoaderUtils -- Could not detect default configuration classes for test class [com.osipalli.template.services.identity.OsipalliTemplateServicesIdentityApplicationTests]: OsipalliTemplateServicesIdentityApplicationTests does not declare any static, non-private, non-final, nested classes annotated with @Configuration.
09:44:33.920 [main] INFO org.springframework.boot.test.context.SpringBootTestContextBootstrapper -- Found @SpringBootConfiguration com.osipalli.template.services.identity.IdentityApplication for test class com.osipalli.template.services.identity.OsipalliTemplateServicesIdentityApplicationTests
2024-11-14T09:44:34.622-06:00  WARN 20240 --- [osipalli-identity] [           main] c.a.nacos.client.logging.NacosLogging    : Load Logback Configuration of Nacos fail, message: Could not initialize Logback Nacos logging from classpath:nacos-logback.xml
2024-11-14T09:44:34.700-06:00  WARN 20240 --- [osipalli-identity] [           main] c.a.nacos.client.logging.NacosLogging    : Load Logback Configuration of Nacos fail, message: Could not initialize Logback Nacos logging from classpath:nacos-logback.xml
2024-11-14T09:44:34.982-06:00  WARN 20240 --- [osipalli-identity] [           main] c.a.nacos.client.logging.NacosLogging    : Load Logback Configuration of Nacos fail, message: Could not initialize Logback Nacos logging from classpath:nacos-logback.xml
2024-11-14T09:44:34.983-06:00  INFO 20240 --- [osipalli-identity] [           main] c.alibaba.nacos.client.utils.ParamUtil   : [settings] [req-serv] nacos-server port:8848
2024-11-14T09:44:34.984-06:00  INFO 20240 --- [osipalli-identity] [           main] c.alibaba.nacos.client.utils.ParamUtil   : [settings] [http-client] connect timeout:1000
2024-11-14T09:44:34.984-06:00  INFO 20240 --- [osipalli-identity] [           main] c.alibaba.nacos.client.utils.ParamUtil   : PER_TASK_CONFIG_SIZE: 3000.0
2024-11-14T09:44:35.085-06:00  INFO 20240 --- [osipalli-identity] [           main] c.a.n.p.a.s.c.ClientAuthPluginManager    : [ClientAuthPluginManager] Load ClientAuthService com.alibaba.nacos.client.auth.impl.NacosClientAuthServiceImpl success.
2024-11-14T09:44:35.085-06:00  INFO 20240 --- [osipalli-identity] [           main] c.a.n.p.a.s.c.ClientAuthPluginManager    : [ClientAuthPluginManager] Load ClientAuthService com.alibaba.nacos.client.auth.ram.RamClientAuthServiceImpl success.
2024-11-14T09:44:35.088-06:00  INFO 20240 --- [osipalli-identity] [           main] c.a.n.c.a.r.identify.CredentialWatcher   : null No credential found
2024-11-14T09:44:35.284-06:00  WARN 20240 --- [osipalli-identity] [           main] c.a.nacos.client.logging.NacosLogging    : Load Logback Configuration of Nacos fail, message: Could not initialize Logback Nacos logging from classpath:nacos-logback.xml

  .   ____          _            __ _ _
 /\\ / ___'_ __ _ _(_)_ __  __ _ \ \ \ \
( ( )\___ | '_ | '_| | '_ \/ _` | \ \ \ \
 \\/  ___)| |_)| | | | | || (_| |  ) ) ) )
  '  |____| .__|_| |_|_| |_\__, | / / / /
 =========|_|==============|___/=/_/_/_/

 :: Spring Boot ::                (v3.3.5)

2024-11-14T09:44:35.302-06:00  INFO 20240 --- [osipalli-identity] [           main] c.a.n.c.c.impl.LocalConfigInfoProcessor  : LOCAL_SNAPSHOT_PATH:C:\Users\posipalli\nacos\config
2024-11-14T09:44:35.308-06:00  INFO 20240 --- [osipalli-identity] [           main] com.alibaba.nacos.common.remote.client   : [RpcClientFactory] create a new rpc client of 781ffc58-6305-454d-bcef-1d54baa1dbb5_config-0
2024-11-14T09:44:35.330-06:00  INFO 20240 --- [osipalli-identity] [           main] com.alibaba.nacos.common.remote.client   : [781ffc58-6305-454d-bcef-1d54baa1dbb5_config-0] Register server push request handler:com.alibaba.nacos.client.config.impl.ClientWorker$ConfigRpcTransportClient$$Lambda$857/0x000002e26533f818
2024-11-14T09:44:35.331-06:00  INFO 20240 --- [osipalli-identity] [           main] com.alibaba.nacos.common.remote.client   : [781ffc58-6305-454d-bcef-1d54baa1dbb5_config-0] Register server push request handler:com.alibaba.nacos.client.config.impl.ClientWorker$ConfigRpcTransportClient$$Lambda$858/0x000002e26533fc38
2024-11-14T09:44:35.331-06:00  INFO 20240 --- [osipalli-identity] [           main] com.alibaba.nacos.common.remote.client   : [781ffc58-6305-454d-bcef-1d54baa1dbb5_config-0] Registry connection listener to current client:com.alibaba.nacos.client.config.impl.ClientWorker$ConfigRpcTransportClient$1
2024-11-14T09:44:35.332-06:00  INFO 20240 --- [osipalli-identity] [           main] com.alibaba.nacos.common.remote.client   : [781ffc58-6305-454d-bcef-1d54baa1dbb5_config-0] RpcClient init, ServerListFactory = com.alibaba.nacos.client.config.impl.ClientWorker$ConfigRpcTransportClient$2
2024-11-14T09:44:35.342-06:00  INFO 20240 --- [osipalli-identity] [           main] com.alibaba.nacos.common.remote.client   : [781ffc58-6305-454d-bcef-1d54baa1dbb5_config-0] Try to connect to server on start up, server: {serverIp = '127.0.0.1', server main port = 8848}
2024-11-14T09:44:35.393-06:00  INFO 20240 --- [osipalli-identity] [           main] c.a.n.c.remote.client.grpc.GrpcClient    : grpc client connection server:127.0.0.1 ip,serverPort:9848,grpcTslConfig:{"sslProvider":"OPENSSL","enableTls":false,"mutualAuthEnable":false,"trustAll":false}
2024-11-14T09:44:36.197-06:00  INFO 20240 --- [osipalli-identity] [           main] com.alibaba.nacos.common.remote.client   : [781ffc58-6305-454d-bcef-1d54baa1dbb5_config-0] Success to connect to server [127.0.0.1:8848] on start up, connectionId = 1731599076006_127.0.0.1_63337
2024-11-14T09:44:36.199-06:00  INFO 20240 --- [osipalli-identity] [t.remote.worker] com.alibaba.nacos.common.remote.client   : [781ffc58-6305-454d-bcef-1d54baa1dbb5_config-0] Notify connected event to listeners.
2024-11-14T09:44:36.200-06:00  INFO 20240 --- [osipalli-identity] [t.remote.worker] c.a.n.client.config.impl.ClientWorker    : [781ffc58-6305-454d-bcef-1d54baa1dbb5_config-0] Connected,notify listen context...
2024-11-14T09:44:36.200-06:00  INFO 20240 --- [osipalli-identity] [           main] com.alibaba.nacos.common.remote.client   : [781ffc58-6305-454d-bcef-1d54baa1dbb5_config-0] Register server push request handler:com.alibaba.nacos.common.remote.client.RpcClient$ConnectResetRequestHandler
2024-11-14T09:44:36.201-06:00  INFO 20240 --- [osipalli-identity] [           main] com.alibaba.nacos.common.remote.client   : [781ffc58-6305-454d-bcef-1d54baa1dbb5_config-0] Register server push request handler:com.alibaba.nacos.common.remote.client.RpcClient$$Lambda$872/0x000002e2654b2788
2024-11-14T09:44:36.246-06:00  INFO 20240 --- [osipalli-identity] [           main] c.a.nacos.client.config.impl.Limiter     : limitTime:5.0
2024-11-14T09:44:36.263-06:00  INFO 20240 --- [osipalli-identity] [           main] c.a.nacos.client.config.utils.JvmUtil    : isMultiInstance:false
2024-11-14T09:44:36.279-06:00  WARN 20240 --- [osipalli-identity] [           main] c.a.c.n.c.NacosPropertySourceBuilder     : Ignore the empty nacos configuration and get it based on dataId[osipalli-identity] & group[dev]
2024-11-14T09:44:36.288-06:00  INFO 20240 --- [osipalli-identity] [           main] b.c.PropertySourceBootstrapConfiguration : Located property source: [BootstrapPropertySource {name='bootstrapProperties-osipalli-identity.yml,dev'}, BootstrapPropertySource {name='bootstrapProperties-osipalli-identity,dev'}, BootstrapPropertySource {name='bootstrapProperties-osipalli-common-config.yml,dev'}]
2024-11-14T09:44:36.304-06:00  WARN 20240 --- [osipalli-identity] [           main] c.a.nacos.client.logging.NacosLogging    : Load Logback Configuration of Nacos fail, message: Could not initialize Logback Nacos logging from classpath:nacos-logback.xml
2024-11-14T09:44:36.306-06:00  INFO 20240 --- [osipalli-identity] [           main] TemplateServicesIdentityApplicationTests : No active profile set, falling back to 1 default profile: "default"
2024-11-14T09:44:36.970-06:00  INFO 20240 --- [osipalli-identity] [           main] o.s.cloud.context.scope.GenericScope     : BeanFactory id=654f0d30-b124-3d55-8aaa-7b31207c207d
Y2xpZW50LWNyZWRlbnRpYWxzOkJsYWNrMTIz
2024-11-14T09:44:37.729-06:00  INFO 20240 --- [osipalli-identity] [           main] r$InitializeUserDetailsManagerConfigurer : Global AuthenticationManager configured with UserDetailsService bean with name inMemoryUserDetailsManager
2024-11-14T09:44:38.478-06:00  INFO 20240 --- [osipalli-identity] [           main] TemplateServicesIdentityApplicationTests : Started OsipalliTemplateServicesIdentityApplicationTests in 4.38 seconds (process running for 5.467)
2024-11-14T09:44:38.482-06:00  INFO 20240 --- [osipalli-identity] [           main] c.a.nacos.client.config.impl.CacheData   : nacos.cache.data.init.snapshot = true 
2024-11-14T09:44:38.483-06:00  INFO 20240 --- [osipalli-identity] [           main] c.a.n.client.config.impl.ClientWorker    : [fixed-127.0.0.1_8848] [subscribe] osipalli-identity.yml+dev
2024-11-14T09:44:38.492-06:00  INFO 20240 --- [osipalli-identity] [           main] c.a.nacos.client.config.impl.CacheData   : [fixed-127.0.0.1_8848] [add-listener] ok, tenant=, dataId=osipalli-identity.yml, group=dev, cnt=1
2024-11-14T09:44:38.493-06:00  INFO 20240 --- [osipalli-identity] [           main] c.a.c.n.refresh.NacosContextRefresher    : [Nacos Config] Listening config: dataId=osipalli-identity.yml, group=dev
2024-11-14T09:44:38.493-06:00  INFO 20240 --- [osipalli-identity] [           main] c.a.n.client.config.impl.ClientWorker    : [fixed-127.0.0.1_8848] [subscribe] osipalli-identity+dev
2024-11-14T09:44:38.493-06:00  INFO 20240 --- [osipalli-identity] [           main] c.a.nacos.client.config.impl.CacheData   : [fixed-127.0.0.1_8848] [add-listener] ok, tenant=, dataId=osipalli-identity, group=dev, cnt=1
2024-11-14T09:44:38.493-06:00  INFO 20240 --- [osipalli-identity] [           main] c.a.c.n.refresh.NacosContextRefresher    : [Nacos Config] Listening config: dataId=osipalli-identity, group=dev
2024-11-14T09:44:38.494-06:00  INFO 20240 --- [osipalli-identity] [           main] c.a.n.client.config.impl.ClientWorker    : [fixed-127.0.0.1_8848] [subscribe] osipalli-common-config.yml+dev
2024-11-14T09:44:38.495-06:00  INFO 20240 --- [osipalli-identity] [           main] c.a.nacos.client.config.impl.CacheData   : [fixed-127.0.0.1_8848] [add-listener] ok, tenant=, dataId=osipalli-common-config.yml, group=dev, cnt=1
2024-11-14T09:44:38.495-06:00  INFO 20240 --- [osipalli-identity] [           main] c.a.c.n.refresh.NacosContextRefresher    : [Nacos Config] Listening config: dataId=osipalli-common-config.yml, group=dev
]]></system-out>
  </testcase>
</testsuite>