<?xml version="1.0" encoding="UTF-8"?>
<testsuite xmlns:xsi="http://www.w3.org/2001/XMLSchema-instance" xsi:noNamespaceSchemaLocation="https://maven.apache.org/surefire/maven-surefire-plugin/xsd/surefire-test-report-3.0.xsd" version="3.0" name="com.osipalli.template.services.system.OsipalliTemplateServicesSystemApplicationTests" time="2.0" tests="1" errors="0" skipped="0" failures="0">
  <properties>
[...]
</properties>
  <testcase name="contextLoads" classname="com.osipalli.template.services.system.OsipalliTemplateServicesSystemApplicationTests" time="0.425">
    <system-out><![CDATA[21:07:28.796 [main] INFO org.springframework.test.context.support.AnnotationConfigContextLoaderUtils -- Could not detect default configuration classes for test class [com.osipalli.template.services.system.OsipalliTemplateServicesSystemApplicationTests]: OsipalliTemplateServicesSystemApplicationTests does not declare any static, non-private, non-final, nested classes annotated with @Configuration.
21:07:28.837 [main] INFO org.springframework.boot.test.context.SpringBootTestContextBootstrapper -- Found @SpringBootConfiguration com.osipalli.template.services.system.SystemApplication for test class com.osipalli.template.services.system.OsipalliTemplateServicesSystemApplicationTests
2024-11-16T21:07:29.046-06:00  WARN 10551 --- [osipalli-system] [           main] c.a.nacos.client.logging.NacosLogging    : Load Logback Configuration of Nacos fail, message: Could not initialize Logback Nacos logging from classpath:nacos-logback.xml
2024-11-16T21:07:29.070-06:00  WARN 10551 --- [osipalli-system] [           main] c.a.nacos.client.logging.NacosLogging    : Load Logback Configuration of Nacos fail, message: Could not initialize Logback Nacos logging from classpath:nacos-logback.xml
2024-11-16T21:07:29.178-06:00  WARN 10551 --- [osipalli-system] [           main] c.a.nacos.client.logging.NacosLogging    : Load Logback Configuration of Nacos fail, message: Could not initialize Logback Nacos logging from classpath:nacos-logback.xml
2024-11-16T21:07:29.179-06:00  INFO 10551 --- [osipalli-system] [           main] c.alibaba.nacos.client.utils.ParamUtil   : [settings] [req-serv] nacos-server port:8848
2024-11-16T21:07:29.179-06:00  INFO 10551 --- [osipalli-system] [           main] c.alibaba.nacos.client.utils.ParamUtil   : [settings] [http-client] connect timeout:1000
2024-11-16T21:07:29.179-06:00  INFO 10551 --- [osipalli-system] [           main] c.alibaba.nacos.client.utils.ParamUtil   : PER_TASK_CONFIG_SIZE: 3000.0
2024-11-16T21:07:29.191-06:00  INFO 10551 --- [osipalli-system] [           main] c.a.n.p.a.s.c.ClientAuthPluginManager    : [ClientAuthPluginManager] Load ClientAuthService com.alibaba.nacos.client.auth.impl.NacosClientAuthServiceImpl success.
2024-11-16T21:07:29.191-06:00  INFO 10551 --- [osipalli-system] [           main] c.a.n.p.a.s.c.ClientAuthPluginManager    : [ClientAuthPluginManager] Load ClientAuthService com.alibaba.nacos.client.auth.ram.RamClientAuthServiceImpl success.
2024-11-16T21:07:29.213-06:00  INFO 10551 --- [osipalli-system] [           main] c.a.n.c.a.r.identify.CredentialWatcher   : null No credential found
2024-11-16T21:07:29.255-06:00  WARN 10551 --- [osipalli-system] [           main] c.a.nacos.client.logging.NacosLogging    : Load Logback Configuration of Nacos fail, message: Could not initialize Logback Nacos logging from classpath:nacos-logback.xml

  .   ____          _            __ _ _
 /\\ / ___'_ __ _ _(_)_ __  __ _ \ \ \ \
( ( )\___ | '_ | '_| | '_ \/ _` | \ \ \ \
 \\/  ___)| |_)| | | | | || (_| |  ) ) ) )
  '  |____| .__|_| |_|_| |_\__, | / / / /
 =========|_|==============|___/=/_/_/_/

 :: Spring Boot ::                (v3.3.5)

2024-11-16T21:07:29.260-06:00  INFO 10551 --- [osipalli-system] [           main] c.a.n.c.c.impl.LocalConfigInfoProcessor  : LOCAL_SNAPSHOT_PATH:/Users/premkamalosipalli/nacos/config
2024-11-16T21:07:29.262-06:00  INFO 10551 --- [osipalli-system] [           main] com.alibaba.nacos.common.remote.client   : [RpcClientFactory] create a new rpc client of 75c94a34-d299-4048-ad1b-758280b66746_config-0
2024-11-16T21:07:29.270-06:00  INFO 10551 --- [osipalli-system] [           main] com.alibaba.nacos.common.remote.client   : [75c94a34-d299-4048-ad1b-758280b66746_config-0] Register server push request handler:com.alibaba.nacos.client.config.impl.ClientWorker$ConfigRpcTransportClient$$Lambda$855/0x0000009801346310
2024-11-16T21:07:29.270-06:00  INFO 10551 --- [osipalli-system] [           main] com.alibaba.nacos.common.remote.client   : [75c94a34-d299-4048-ad1b-758280b66746_config-0] Register server push request handler:com.alibaba.nacos.client.config.impl.ClientWorker$ConfigRpcTransportClient$$Lambda$856/0x0000009801346740
2024-11-16T21:07:29.271-06:00  INFO 10551 --- [osipalli-system] [           main] com.alibaba.nacos.common.remote.client   : [75c94a34-d299-4048-ad1b-758280b66746_config-0] Registry connection listener to current client:com.alibaba.nacos.client.config.impl.ClientWorker$ConfigRpcTransportClient$1
2024-11-16T21:07:29.271-06:00  INFO 10551 --- [osipalli-system] [           main] com.alibaba.nacos.common.remote.client   : [75c94a34-d299-4048-ad1b-758280b66746_config-0] RpcClient init, ServerListFactory = com.alibaba.nacos.client.config.impl.ClientWorker$ConfigRpcTransportClient$2
2024-11-16T21:07:29.274-06:00  INFO 10551 --- [osipalli-system] [           main] com.alibaba.nacos.common.remote.client   : [75c94a34-d299-4048-ad1b-758280b66746_config-0] Try to connect to server on start up, server: {serverIp = '127.0.0.1', server main port = 8848}
2024-11-16T21:07:29.290-06:00  INFO 10551 --- [osipalli-system] [           main] c.a.n.c.remote.client.grpc.GrpcClient    : grpc client connection server:127.0.0.1 ip,serverPort:9848,grpcTslConfig:{"sslProvider":"OPENSSL","enableTls":false,"mutualAuthEnable":false,"trustAll":false}
2024-11-16T21:07:29.618-06:00  INFO 10551 --- [osipalli-system] [           main] com.alibaba.nacos.common.remote.client   : [75c94a34-d299-4048-ad1b-758280b66746_config-0] Success to connect to server [127.0.0.1:8848] on start up, connectionId = 1731812849484_127.0.0.1_60022
2024-11-16T21:07:29.619-06:00  INFO 10551 --- [osipalli-system] [t.remote.worker] com.alibaba.nacos.common.remote.client   : [75c94a34-d299-4048-ad1b-758280b66746_config-0] Notify connected event to listeners.
2024-11-16T21:07:29.619-06:00  INFO 10551 --- [osipalli-system] [           main] com.alibaba.nacos.common.remote.client   : [75c94a34-d299-4048-ad1b-758280b66746_config-0] Register server push request handler:com.alibaba.nacos.common.remote.client.RpcClient$ConnectResetRequestHandler
2024-11-16T21:07:29.619-06:00  INFO 10551 --- [osipalli-system] [t.remote.worker] c.a.n.client.config.impl.ClientWorker    : [75c94a34-d299-4048-ad1b-758280b66746_config-0] Connected,notify listen context...
2024-11-16T21:07:29.619-06:00  INFO 10551 --- [osipalli-system] [           main] com.alibaba.nacos.common.remote.client   : [75c94a34-d299-4048-ad1b-758280b66746_config-0] Register server push request handler:com.alibaba.nacos.common.remote.client.RpcClient$$Lambda$869/0x00000098014bd0b8
2024-11-16T21:07:29.640-06:00  INFO 10551 --- [osipalli-system] [           main] c.a.nacos.client.config.impl.Limiter     : limitTime:5.0
2024-11-16T21:07:29.664-06:00  INFO 10551 --- [osipalli-system] [           main] c.a.nacos.client.config.utils.JvmUtil    : isMultiInstance:false
2024-11-16T21:07:29.676-06:00  WARN 10551 --- [osipalli-system] [           main] c.a.c.n.c.NacosPropertySourceBuilder     : Ignore the empty nacos configuration and get it based on dataId[osipalli-system] & group[dev]
2024-11-16T21:07:29.691-06:00  INFO 10551 --- [osipalli-system] [           main] b.c.PropertySourceBootstrapConfiguration : Located property source: [BootstrapPropertySource {name='bootstrapProperties-osipalli-system.yml,dev'}, BootstrapPropertySource {name='bootstrapProperties-osipalli-system,dev'}, BootstrapPropertySource {name='bootstrapProperties-osipalli-common-config.yml,dev'}]
2024-11-16T21:07:29.700-06:00  WARN 10551 --- [osipalli-system] [           main] c.a.nacos.client.logging.NacosLogging    : Load Logback Configuration of Nacos fail, message: Could not initialize Logback Nacos logging from classpath:nacos-logback.xml
2024-11-16T21:07:29.700-06:00  INFO 10551 --- [osipalli-system] [           main] liTemplateServicesSystemApplicationTests : No active profile set, falling back to 1 default profile: "default"
2024-11-16T21:07:29.952-06:00  INFO 10551 --- [osipalli-system] [           main] o.s.cloud.context.scope.GenericScope     : BeanFactory id=059989b3-96ad-3c85-ba52-9769bdf79db7
2024-11-16T21:07:30.288-06:00  INFO 10551 --- [osipalli-system] [           main] liTemplateServicesSystemApplicationTests : Started OsipalliTemplateServicesSystemApplicationTests in 1.4 seconds (process running for 1.801)
2024-11-16T21:07:30.290-06:00  INFO 10551 --- [osipalli-system] [           main] c.a.nacos.client.config.impl.CacheData   : nacos.cache.data.init.snapshot = true 
2024-11-16T21:07:30.290-06:00  INFO 10551 --- [osipalli-system] [           main] c.a.n.client.config.impl.ClientWorker    : [fixed-127.0.0.1_8848] [subscribe] osipalli-system+dev
2024-11-16T21:07:30.293-06:00  INFO 10551 --- [osipalli-system] [           main] c.a.nacos.client.config.impl.CacheData   : [fixed-127.0.0.1_8848] [add-listener] ok, tenant=, dataId=osipalli-system, group=dev, cnt=1
2024-11-16T21:07:30.293-06:00  INFO 10551 --- [osipalli-system] [           main] c.a.c.n.refresh.NacosContextRefresher    : [Nacos Config] Listening config: dataId=osipalli-system, group=dev
2024-11-16T21:07:30.293-06:00  INFO 10551 --- [osipalli-system] [           main] c.a.n.client.config.impl.ClientWorker    : [fixed-127.0.0.1_8848] [subscribe] osipalli-common-config.yml+dev
2024-11-16T21:07:30.293-06:00  INFO 10551 --- [osipalli-system] [           main] c.a.nacos.client.config.impl.CacheData   : [fixed-127.0.0.1_8848] [add-listener] ok, tenant=, dataId=osipalli-common-config.yml, group=dev, cnt=1
2024-11-16T21:07:30.294-06:00  INFO 10551 --- [osipalli-system] [           main] c.a.c.n.refresh.NacosContextRefresher    : [Nacos Config] Listening config: dataId=osipalli-common-config.yml, group=dev
2024-11-16T21:07:30.294-06:00  INFO 10551 --- [osipalli-system] [           main] c.a.n.client.config.impl.ClientWorker    : [fixed-127.0.0.1_8848] [subscribe] osipalli-system.yml+dev
2024-11-16T21:07:30.294-06:00  INFO 10551 --- [osipalli-system] [           main] c.a.nacos.client.config.impl.CacheData   : [fixed-127.0.0.1_8848] [add-listener] ok, tenant=, dataId=osipalli-system.yml, group=dev, cnt=1
2024-11-16T21:07:30.294-06:00  INFO 10551 --- [osipalli-system] [           main] c.a.c.n.refresh.NacosContextRefresher    : [Nacos Config] Listening config: dataId=osipalli-system.yml, group=dev
]]></system-out>
  </testcase>
</testsuite>