<?xml version="1.0" encoding="UTF-8"?>
<testsuite xmlns:xsi="http://www.w3.org/2001/XMLSchema-instance" xsi:noNamespaceSchemaLocation="https://maven.apache.org/surefire/maven-surefire-plugin/xsd/surefire-test-report-3.0.xsd" version="3.0" name="com.osipalli.template.services.system.OsipalliTemplateServicesSystemApplicationTests" time="0.829" tests="1" errors="0" skipped="0" failures="0">
  <properties>
[...]
</properties>
  <testcase name="contextLoads" classname="com.osipalli.template.services.system.OsipalliTemplateServicesSystemApplicationTests" time="0.387">
    <system-out><![CDATA[20:18:52.708 [main] INFO org.springframework.test.context.support.AnnotationConfigContextLoaderUtils -- Could not detect default configuration classes for test class [com.osipalli.template.services.system.OsipalliTemplateServicesSystemApplicationTests]: OsipalliTemplateServicesSystemApplicationTests does not declare any static, non-private, non-final, nested classes annotated with @Configuration.
20:18:52.749 [main] INFO org.springframework.boot.test.context.SpringBootTestContextBootstrapper -- Found @SpringBootConfiguration com.osipalli.template.services.system.OsipalliTemplateServicesSystemApplication for test class com.osipalli.template.services.system.OsipalliTemplateServicesSystemApplicationTests

  .   ____          _            __ _ _
 /\\ / ___'_ __ _ _(_)_ __  __ _ \ \ \ \
( ( )\___ | '_ | '_| | '_ \/ _` | \ \ \ \
 \\/  ___)| |_)| | | | | || (_| |  ) ) ) )
  '  |____| .__|_| |_|_| |_\__, | / / / /
 =========|_|==============|___/=/_/_/_/

 :: Spring Boot ::                (v3.3.5)

2024-11-04T20:18:52.888-06:00  INFO 40268 --- [osipalli-template-services-system] [           main] liTemplateServicesSystemApplicationTests : Starting OsipalliTemplateServicesSystemApplicationTests using Java 17.0.7 with PID 40268 (started by premkamalosipalli in /Users/premkamalosipalli/IdeaProjects/prem-kamal-osipalli-api/osipalli-template-services/osipalli-template-services-system)
2024-11-04T20:18:52.889-06:00  INFO 40268 --- [osipalli-template-services-system] [           main] liTemplateServicesSystemApplicationTests : No active profile set, falling back to 1 default profile: "default"
2024-11-04T20:18:53.076-06:00  INFO 40268 --- [osipalli-template-services-system] [           main] liTemplateServicesSystemApplicationTests : Started OsipalliTemplateServicesSystemApplicationTests in 0.282 seconds (process running for 0.662)
]]></system-out>
  </testcase>
</testsuite>